<?xml version="1.0" encoding="UTF-8"?>
<!-- Generated by org.testng.reporters.JUnitXMLReporter -->
<testsuite ignored="0" hostname="LAPTOP-UOPUOK8O" failures="1" tests="1" name="My Test" time="0.075" errors="0" timestamp="2024-08-25T13:15:35 IST">
  <testcase classname="testScript.LoginPage_Test" name="verify_User_is_Able_To_Login_Using_Valid_Credentials" time="0.0">
    <failure type="org.testng.TestNGException" message="
Parameter &amp;apos;User name&amp;apos; is required by @Test on method verify_User_is_Able_To_Login_Using_Valid_Credentials but has not been marked @Optional or defined
in C:\Users\jeffk\git\7RMart-SuperMarket\Automation_Project\ExtentReport.xml">
      <![CDATA[org.testng.TestNGException: 
Parameter 'User name' is required by @Test on method verify_User_is_Able_To_Login_Using_Valid_Credentials but has not been marked @Optional or defined
in C:\Users\jeffk\git\7RMart-SuperMarket\Automation_Project\ExtentReport.xml
at java.base/java.util.ArrayList.forEach(ArrayList.java:1511)
... Removed 26 stack frames]]>
    </failure>
  </testcase> <!-- verify_User_is_Able_To_Login_Using_Valid_Credentials -->
</testsuite> <!-- My Test -->
