<?xml version="1.0" encoding="UTF-8"?>
<testng-results ignored="2" total="4" passed="1" failed="1" skipped="0">
  <reporter-output>
  </reporter-output>
  <suite started-at="2024-08-25T13:06:16 IST" name="Parallel Class Testing" finished-at="2024-08-25T13:06:30 IST" duration-ms="13509">
    <groups>
      <group name="Smoke testing">
        <method signature="LoginPage_Test.verify_User_is_Able_toLoginUsing_Invalid_UserName_and_Validpassword()[pri:0, instance:testScript.LoginPage_Test@30f842ca]" name="verify_User_is_Able_toLoginUsing_Invalid_UserName_and_Validpassword" class="testScript.LoginPage_Test"/>
      </group> <!-- Smoke testing -->
    </groups>
    <test started-at="2024-08-25T13:06:16 IST" name="parallelTest" finished-at="2024-08-25T13:06:30 IST" duration-ms="13509">
      <class name="testScript.LoginPage_Test">
        <test-method is-config="true" signature="initialiseBrowser(java.lang.String)[pri:0, instance:testScript.LoginPage_Test@30f842ca]" started-at="2024-08-25T13:06:16 IST" name="initialiseBrowser" finished-at="2024-08-25T13:06:24 IST" duration-ms="7428" status="PASS">
          <params>
            <param index="0">
              <value>
                <![CDATA[chrome]]>
              </value>
            </param>
          </params>
          <reporter-output>
          </reporter-output>
        </test-method> <!-- initialiseBrowser -->
        <test-method signature="verify_User_is_Able_To_Login_Using_Valid_Credentials(java.lang.String,java.lang.String)[pri:0, instance:testScript.LoginPage_Test@30f842ca]" started-at="2024-08-25T13:06:24 IST" name="verify_User_is_Able_To_Login_Using_Valid_Credentials" finished-at="2024-08-25T13:06:25 IST" duration-ms="1764" status="PASS">
          <params>
            <param index="0">
              <value>
                <![CDATA[admin]]>
              </value>
            </param>
            <param index="1">
              <value>
                <![CDATA[admin]]>
              </value>
            </param>
          </params>
          <reporter-output>
          </reporter-output>
        </test-method> <!-- verify_User_is_Able_To_Login_Using_Valid_Credentials -->
        <test-method is-config="true" signature="afterMethod(org.testng.ITestResult)[pri:0, instance:testScript.LoginPage_Test@30f842ca]" started-at="2024-08-25T13:06:25 IST" name="afterMethod" finished-at="2024-08-25T13:06:25 IST" duration-ms="2" status="PASS">
          <params>
            <param index="0">
              <value>
                <![CDATA[[TestResult name=verify_User_is_Able_To_Login_Using_Valid_Credentials status=SUCCESS method=LoginPage_Test.verify_User_is_Able_To_Login_Using_Valid_Credentials(java.lang.String,java.lang.String)[pri:0, instance:testScript.LoginPage_Test@30f842ca] output={null}]]]>
              </value>
            </param>
          </params>
          <reporter-output>
          </reporter-output>
        </test-method> <!-- afterMethod -->
        <test-method is-config="true" signature="initialiseBrowser(java.lang.String)[pri:0, instance:testScript.LoginPage_Test@30f842ca]" started-at="2024-08-25T13:06:25 IST" name="initialiseBrowser" finished-at="2024-08-25T13:06:29 IST" duration-ms="3696" status="PASS">
          <params>
            <param index="0">
              <value>
                <![CDATA[chrome]]>
              </value>
            </param>
          </params>
          <reporter-output>
          </reporter-output>
        </test-method> <!-- initialiseBrowser -->
        <test-method signature="verify_User_is_Able_toLoginUsing_Invalid_UserName_and_Validpassword()[pri:0, instance:testScript.LoginPage_Test@30f842ca]" started-at="2024-08-25T13:06:29 IST" name="verify_User_is_Able_toLoginUsing_Invalid_UserName_and_Validpassword" finished-at="2024-08-25T13:06:29 IST" duration-ms="5" status="FAIL">
          <exception class="java.io.FileNotFoundException">
            <message>
              <![CDATA[C:\Users\jeffk\git\7RMart-SuperMarket\Automation_Project\src\main\resources\TestData.xlsx (The system cannot find the path specified)]]>
            </message>
            <full-stacktrace>
              <![CDATA[java.io.FileNotFoundException: C:\Users\jeffk\git\7RMart-SuperMarket\Automation_Project\src\main\resources\TestData.xlsx (The system cannot find the path specified)
at java.base/java.io.FileInputStream.open0(Native Method)
at java.base/java.io.FileInputStream.open(FileInputStream.java:216)
at java.base/java.io.FileInputStream.<init>(FileInputStream.java:157)
at java.base/java.io.FileInputStream.<init>(FileInputStream.java:111)
at utilities.Excel_Utilities.getStringData(Excel_Utilities.java:21)
at testScript.LoginPage_Test.verify_User_is_Able_toLoginUsing_Invalid_UserName_and_Validpassword(LoginPage_Test.java:46)
at java.base/jdk.internal.reflect.NativeMethodAccessorImpl.invoke0(Native Method)
at java.base/jdk.internal.reflect.NativeMethodAccessorImpl.invoke(NativeMethodAccessorImpl.java:77)
at java.base/jdk.internal.reflect.DelegatingMethodAccessorImpl.invoke(DelegatingMethodAccessorImpl.java:43)
at java.base/java.lang.reflect.Method.invoke(Method.java:568)
at org.testng.internal.MethodInvocationHelper.invokeMethod(MethodInvocationHelper.java:133)
at org.testng.internal.TestInvoker.invokeMethod(TestInvoker.java:598)
at org.testng.internal.TestInvoker.invokeTestMethod(TestInvoker.java:173)
at org.testng.internal.MethodRunner.runInSequence(MethodRunner.java:46)
at org.testng.internal.TestInvoker$MethodInvocationAgent.invoke(TestInvoker.java:824)
at org.testng.internal.TestInvoker.invokeTestMethods(TestInvoker.java:146)
at org.testng.internal.TestMethodWorker.invokeTestMethods(TestMethodWorker.java:146)
at org.testng.internal.TestMethodWorker.run(TestMethodWorker.java:128)
at java.base/java.util.concurrent.ThreadPoolExecutor.runWorker(ThreadPoolExecutor.java:1136)
at java.base/java.util.concurrent.ThreadPoolExecutor$Worker.run(ThreadPoolExecutor.java:635)
at java.base/java.lang.Thread.run(Thread.java:842)
]]>
            </full-stacktrace>
          </exception> <!-- java.io.FileNotFoundException -->
          <reporter-output>
          </reporter-output>
        </test-method> <!-- verify_User_is_Able_toLoginUsing_Invalid_UserName_and_Validpassword -->
        <test-method is-config="true" signature="afterMethod(org.testng.ITestResult)[pri:0, instance:testScript.LoginPage_Test@30f842ca]" started-at="2024-08-25T13:06:29 IST" name="afterMethod" finished-at="2024-08-25T13:06:30 IST" duration-ms="422" status="PASS">
          <params>
            <param index="0">
              <value>
                <![CDATA[[TestResult name=verify_User_is_Able_toLoginUsing_Invalid_UserName_and_Validpassword status=FAILURE method=LoginPage_Test.verify_User_is_Able_toLoginUsing_Invalid_UserName_and_Validpassword()[pri:0, instance:testScript.LoginPage_Test@30f842ca] output={null}]]]>
              </value>
            </param>
          </params>
          <reporter-output>
          </reporter-output>
        </test-method> <!-- afterMethod -->
      </class> <!-- testScript.LoginPage_Test -->
    </test> <!-- parallelTest -->
  </suite> <!-- Parallel Class Testing -->
</testng-results>
